<?xml version="1.0" encoding="UTF-8"?>
<testng-results skipped="0" failed="0" total="1" passed="1">
  <reporter-output>
  </reporter-output>
  <suite name="Suite" duration-ms="41620" started-at="2021-05-23T12:26:13Z" finished-at="2021-05-23T12:26:55Z">
    <groups>
    </groups>
    <test name="Test" duration-ms="41620" started-at="2021-05-23T12:26:13Z" finished-at="2021-05-23T12:26:55Z">
      <class name="test_scripts.TestLogin">
        <test-method status="PASS" signature="openApp()[pri:0, instance:test_scripts.TestLogin@cb5822]" name="openApp" is-config="true" duration-ms="14558" started-at="2021-05-23T17:56:13Z" finished-at="2021-05-23T17:56:28Z">
          <reporter-output>
          </reporter-output>
        </test-method> <!-- openApp -->
        <test-method status="PASS" signature="login()[pri:0, instance:test_scripts.TestLogin@cb5822]" name="login" duration-ms="27030" started-at="2021-05-23T17:56:28Z" finished-at="2021-05-23T17:56:55Z">
          <reporter-output>
          </reporter-output>
        </test-method> <!-- login -->
      </class> <!-- test_scripts.TestLogin -->
    </test> <!-- Test -->
  </suite> <!-- Suite -->
</testng-results>
